<?xml version="1.0" encoding="UTF-8" ?>
<testsuite errors="0" failures="0" hostname="exjobb5" name="org.jmodelica.test.junitgenerated.ModificationTests" tests="17" time="1.107" timestamp="2008-11-13T14:02:14">
  <properties>
[...]
</properties>
  <testcase classname="org.jmodelica.test.junitgenerated.ModificationTests" name="ModTest1" time="0.143" />
  <testcase classname="org.jmodelica.test.junitgenerated.ModificationTests" name="ModTest2" time="0.041" />
  <testcase classname="org.jmodelica.test.junitgenerated.ModificationTests" name="ModTest3" time="0.049" />
  <testcase classname="org.jmodelica.test.junitgenerated.ModificationTests" name="ModTest5" time="0.025" />
  <testcase classname="org.jmodelica.test.junitgenerated.ModificationTests" name="ModTest6" time="0.045" />
  <testcase classname="org.jmodelica.test.junitgenerated.ModificationTests" name="ModTest7" time="0.026" />
  <testcase classname="org.jmodelica.test.junitgenerated.ModificationTests" name="ModTest8" time="0.03" />
  <testcase classname="org.jmodelica.test.junitgenerated.ModificationTests" name="ModTest9" time="0.046" />
  <testcase classname="org.jmodelica.test.junitgenerated.ModificationTests" name="ModTest10" time="0.024" />
  <testcase classname="org.jmodelica.test.junitgenerated.ModificationTests" name="ModTest11" time="0.031" />
  <testcase classname="org.jmodelica.test.junitgenerated.ModificationTests" name="ModTest12" time="0.069" />
  <testcase classname="org.jmodelica.test.junitgenerated.ModificationTests" name="ModTest13_Err" time="0.023" />
  <testcase classname="org.jmodelica.test.junitgenerated.ModificationTests" name="ModTest14_Err" time="0.022" />
  <testcase classname="org.jmodelica.test.junitgenerated.ModificationTests" name="ModTest15_Err" time="0.023" />
  <testcase classname="org.jmodelica.test.junitgenerated.ModificationTests" name="ShortClassDeclModTest1" time="0.027" />
  <testcase classname="org.jmodelica.test.junitgenerated.ModificationTests" name="ShortClassDeclModTest2" time="0.023" />
  <testcase classname="org.jmodelica.test.junitgenerated.ModificationTests" name="ShortClassDeclModTest3" time="0.041" />
  <system-out><![CDATA[Running test: ModificationTests.ModTest1

Running test: ModificationTests.ModTest2

Running test: ModificationTests.ModTest3

Running test: ModificationTests.ModTest5

Running test: ModificationTests.ModTest6

Running test: ModificationTests.ModTest7

Running test: ModificationTests.ModTest8

Running test: ModificationTests.ModTest9

Running test: ModificationTests.ModTest10

Running test: ModificationTests.ModTest11

Running test: ModificationTests.ModTest_PM_12

Running test: ModificationTests.ModTest13_Err
Running test: ModificationTests.ModTest14_Err
Running test: ModificationTests.ModTest15_Err
Running test: ModificationTests.ShortClassDeclModTest1

Running test: ModificationTests.ShortClassDeclModTest2

Running test: ModificationTests.ShortClassDeclModTest3

]]></system-out>
  <system-err><![CDATA[]]></system-err>
</testsuite>
