<?xml version="1.0" encoding="UTF-8" ?>
<testsuite errors="0" failures="0" hostname="exjobb5" name="org.jmodelica.test.junitgenerated.NameTests" tests="30" time="2.006" timestamp="2008-11-13T14:02:16">
  <properties>
[...]
</properties>
  <testcase classname="org.jmodelica.test.junitgenerated.NameTests" name="NameTest2" time="0.186" />
  <testcase classname="org.jmodelica.test.junitgenerated.NameTests" name="NameTest3_Err" time="0.067" />
  <testcase classname="org.jmodelica.test.junitgenerated.NameTests" name="NameTest4_Err" time="0.062" />
  <testcase classname="org.jmodelica.test.junitgenerated.NameTests" name="NameTest5_Err" time="0.045" />
  <testcase classname="org.jmodelica.test.junitgenerated.NameTests" name="NameTest55_Err" time="0.037" />
  <testcase classname="org.jmodelica.test.junitgenerated.NameTests" name="NameTest6_Err" time="0.055" />
  <testcase classname="org.jmodelica.test.junitgenerated.NameTests" name="NameTest7_Err" time="0.034" />
  <testcase classname="org.jmodelica.test.junitgenerated.NameTests" name="NameTest8_Err" time="0.045" />
  <testcase classname="org.jmodelica.test.junitgenerated.NameTests" name="NameTest9_Err" time="0.038" />
  <testcase classname="org.jmodelica.test.junitgenerated.NameTests" name="NameTest10_Err" time="0.032" />
  <testcase classname="org.jmodelica.test.junitgenerated.NameTests" name="NameTest11_Err" time="0.031" />
  <testcase classname="org.jmodelica.test.junitgenerated.NameTests" name="NameTest12_Err" time="0.035" />
  <testcase classname="org.jmodelica.test.junitgenerated.NameTests" name="NameTest13_Err" time="0.051" />
  <testcase classname="org.jmodelica.test.junitgenerated.NameTests" name="NameTest14_Err" time="0.039" />
  <testcase classname="org.jmodelica.test.junitgenerated.NameTests" name="ExtendsTest1" time="0.039" />
  <testcase classname="org.jmodelica.test.junitgenerated.NameTests" name="ExtendsTest2" time="0.031" />
  <testcase classname="org.jmodelica.test.junitgenerated.NameTests" name="ExtendsTest3" time="0.078" />
  <testcase classname="org.jmodelica.test.junitgenerated.NameTests" name="ImportTest1" time="0.033" />
  <testcase classname="org.jmodelica.test.junitgenerated.NameTests" name="ImportTest2" time="0.033" />
  <testcase classname="org.jmodelica.test.junitgenerated.NameTests" name="ImportTest3" time="0.029" />
  <testcase classname="org.jmodelica.test.junitgenerated.NameTests" name="ImportTest4" time="0.055" />
  <testcase classname="org.jmodelica.test.junitgenerated.NameTests" name="ImportTest5" time="0.033" />
  <testcase classname="org.jmodelica.test.junitgenerated.NameTests" name="ShortClassDeclTest1" time="0.031" />
  <testcase classname="org.jmodelica.test.junitgenerated.NameTests" name="ShortClassDeclTest2" time="0.03" />
  <testcase classname="org.jmodelica.test.junitgenerated.NameTests" name="ShortClassDeclTest3" time="0.031" />
  <testcase classname="org.jmodelica.test.junitgenerated.NameTests" name="ShortClassDeclTest35_Err" time="0.078" />
  <testcase classname="org.jmodelica.test.junitgenerated.NameTests" name="ShortClassDeclTest4" time="0.064" />
  <testcase classname="org.jmodelica.test.junitgenerated.NameTests" name="ShortClassDeclTest5" time="0.043" />
  <testcase classname="org.jmodelica.test.junitgenerated.NameTests" name="ShortClassDeclTest6" time="0.03" />
  <testcase classname="org.jmodelica.test.junitgenerated.NameTests" name="ShortClassDeclTest7_Err" time="0.074" />
  <system-out><![CDATA[Running test: NameTests.NameTest2

Running test: NameTests.NameTest3_Err
Running test: NameTests.NameTest4_Err
Running test: NameTests.NameTest5_Err
Running test: NameTests.NameTest55_Err
Running test: NameTests.NameTest6_Err
Running test: NameTests.NameTest7_Err
Running test: NameTests.NameTest8_Err
Running test: NameTests.NameTest9_Err
Running test: NameTests.NameTest10_Err
Running test: NameTests.NameTest11_Err
Running test: NameTests.NameTest12_Err
Running test: NameTests.NameTest13_Err
Running test: NameTests.NameTest14_Err
Running test: NameTests.ExtendsTest1

Running test: NameTests.ExtendsTest2

Running test: NameTests.ExtendsTest3
Running test: NameTests.ImportTest1

Running test: NameTests.ImportTest2

Running test: NameTests.ImportTest3
Running test: NameTests.ImportTest4

Running test: NameTests.ImportTest5

Running test: NameTests.ShortClassDeclTest1

Running test: NameTests.ShortClassDeclTest2

Running test: NameTests.ShortClassDeclTest3

Running test: NameTests.ShortClassDeclTest35_Err
Running test: NameTests.ShortClassDeclTest4

Running test: NameTests.ShortClassDeclTest5

Running test: NameTests.ShortClassDeclTest6

Running test: NameTests.ShortClassDeclTest7_Err
]]></system-out>
  <system-err><![CDATA[]]></system-err>
</testsuite>
