<?xml version="1.0" encoding="UTF-8" ?>
<testsuites>
  <testsuite errors="0" failures="0" hostname="exjobb5" id="0" name="ConnectTests" package="org.jmodelica.test.junitgenerated" tests="4" time="0.906" timestamp="2008-11-13T14:02:13">
      <properties>
[...]
</properties>

      <testcase classname="org.jmodelica.test.junitgenerated.ConnectTests" name="ConnectTest2_Err" time="0.077" />

      <testcase classname="org.jmodelica.test.junitgenerated.ConnectTests" name="ConnectTest3" time="0.07" />

      <testcase classname="org.jmodelica.test.junitgenerated.ConnectTests" name="CircuitTest1" time="0.081" />

      <testcase classname="org.jmodelica.test.junitgenerated.ConnectTests" name="CircuitTest2" time="0.098" />

      <system-out><![CDATA[Running test: ConnectTests.ConnectTest2_Err
Running test: ConnectTests.ConnectTest3

Running test: ConnectTests.CircuitTest1

Running test: ConnectTests.CircuitTest2

]]></system-out>

      <system-err><![CDATA[]]></system-err>

  </testsuite>
  <testsuite errors="0" failures="0" hostname="exjobb5" id="1" name="ModificationTests" package="org.jmodelica.test.junitgenerated" tests="17" time="1.107" timestamp="2008-11-13T14:02:14">
      <properties>
[...]
</properties>

      <testcase classname="org.jmodelica.test.junitgenerated.ModificationTests" name="ModTest1" time="0.143" />

      <testcase classname="org.jmodelica.test.junitgenerated.ModificationTests" name="ModTest2" time="0.041" />

      <testcase classname="org.jmodelica.test.junitgenerated.ModificationTests" name="ModTest3" time="0.049" />

      <testcase classname="org.jmodelica.test.junitgenerated.ModificationTests" name="ModTest5" time="0.025" />

      <testcase classname="org.jmodelica.test.junitgenerated.ModificationTests" name="ModTest6" time="0.045" />

      <testcase classname="org.jmodelica.test.junitgenerated.ModificationTests" name="ModTest7" time="0.026" />

      <testcase classname="org.jmodelica.test.junitgenerated.ModificationTests" name="ModTest8" time="0.03" />

      <testcase classname="org.jmodelica.test.junitgenerated.ModificationTests" name="ModTest9" time="0.046" />

      <testcase classname="org.jmodelica.test.junitgenerated.ModificationTests" name="ModTest10" time="0.024" />

      <testcase classname="org.jmodelica.test.junitgenerated.ModificationTests" name="ModTest11" time="0.031" />

      <testcase classname="org.jmodelica.test.junitgenerated.ModificationTests" name="ModTest12" time="0.069" />

      <testcase classname="org.jmodelica.test.junitgenerated.ModificationTests" name="ModTest13_Err" time="0.023" />

      <testcase classname="org.jmodelica.test.junitgenerated.ModificationTests" name="ModTest14_Err" time="0.022" />

      <testcase classname="org.jmodelica.test.junitgenerated.ModificationTests" name="ModTest15_Err" time="0.023" />

      <testcase classname="org.jmodelica.test.junitgenerated.ModificationTests" name="ShortClassDeclModTest1" time="0.027" />

      <testcase classname="org.jmodelica.test.junitgenerated.ModificationTests" name="ShortClassDeclModTest2" time="0.023" />

      <testcase classname="org.jmodelica.test.junitgenerated.ModificationTests" name="ShortClassDeclModTest3" time="0.041" />

      <system-out><![CDATA[Running test: ModificationTests.ModTest1

Running test: ModificationTests.ModTest2

Running test: ModificationTests.ModTest3

Running test: ModificationTests.ModTest5

Running test: ModificationTests.ModTest6

Running test: ModificationTests.ModTest7

Running test: ModificationTests.ModTest8

Running test: ModificationTests.ModTest9

Running test: ModificationTests.ModTest10

Running test: ModificationTests.ModTest11

Running test: ModificationTests.ModTest_PM_12

Running test: ModificationTests.ModTest13_Err
Running test: ModificationTests.ModTest14_Err
Running test: ModificationTests.ModTest15_Err
Running test: ModificationTests.ShortClassDeclModTest1

Running test: ModificationTests.ShortClassDeclModTest2

Running test: ModificationTests.ShortClassDeclModTest3

]]></system-out>

      <system-err><![CDATA[]]></system-err>

  </testsuite>
  <testsuite errors="0" failures="0" hostname="exjobb5" id="2" name="NameTests" package="org.jmodelica.test.junitgenerated" tests="30" time="2.006" timestamp="2008-11-13T14:02:16">
      <properties>
[...]
</properties>

      <testcase classname="org.jmodelica.test.junitgenerated.NameTests" name="NameTest2" time="0.186" />

      <testcase classname="org.jmodelica.test.junitgenerated.NameTests" name="NameTest3_Err" time="0.067" />

      <testcase classname="org.jmodelica.test.junitgenerated.NameTests" name="NameTest4_Err" time="0.062" />

      <testcase classname="org.jmodelica.test.junitgenerated.NameTests" name="NameTest5_Err" time="0.045" />

      <testcase classname="org.jmodelica.test.junitgenerated.NameTests" name="NameTest55_Err" time="0.037" />

      <testcase classname="org.jmodelica.test.junitgenerated.NameTests" name="NameTest6_Err" time="0.055" />

      <testcase classname="org.jmodelica.test.junitgenerated.NameTests" name="NameTest7_Err" time="0.034" />

      <testcase classname="org.jmodelica.test.junitgenerated.NameTests" name="NameTest8_Err" time="0.045" />

      <testcase classname="org.jmodelica.test.junitgenerated.NameTests" name="NameTest9_Err" time="0.038" />

      <testcase classname="org.jmodelica.test.junitgenerated.NameTests" name="NameTest10_Err" time="0.032" />

      <testcase classname="org.jmodelica.test.junitgenerated.NameTests" name="NameTest11_Err" time="0.031" />

      <testcase classname="org.jmodelica.test.junitgenerated.NameTests" name="NameTest12_Err" time="0.035" />

      <testcase classname="org.jmodelica.test.junitgenerated.NameTests" name="NameTest13_Err" time="0.051" />

      <testcase classname="org.jmodelica.test.junitgenerated.NameTests" name="NameTest14_Err" time="0.039" />

      <testcase classname="org.jmodelica.test.junitgenerated.NameTests" name="ExtendsTest1" time="0.039" />

      <testcase classname="org.jmodelica.test.junitgenerated.NameTests" name="ExtendsTest2" time="0.031" />

      <testcase classname="org.jmodelica.test.junitgenerated.NameTests" name="ExtendsTest3" time="0.078" />

      <testcase classname="org.jmodelica.test.junitgenerated.NameTests" name="ImportTest1" time="0.033" />

      <testcase classname="org.jmodelica.test.junitgenerated.NameTests" name="ImportTest2" time="0.033" />

      <testcase classname="org.jmodelica.test.junitgenerated.NameTests" name="ImportTest3" time="0.029" />

      <testcase classname="org.jmodelica.test.junitgenerated.NameTests" name="ImportTest4" time="0.055" />

      <testcase classname="org.jmodelica.test.junitgenerated.NameTests" name="ImportTest5" time="0.033" />

      <testcase classname="org.jmodelica.test.junitgenerated.NameTests" name="ShortClassDeclTest1" time="0.031" />

      <testcase classname="org.jmodelica.test.junitgenerated.NameTests" name="ShortClassDeclTest2" time="0.03" />

      <testcase classname="org.jmodelica.test.junitgenerated.NameTests" name="ShortClassDeclTest3" time="0.031" />

      <testcase classname="org.jmodelica.test.junitgenerated.NameTests" name="ShortClassDeclTest35_Err" time="0.078" />

      <testcase classname="org.jmodelica.test.junitgenerated.NameTests" name="ShortClassDeclTest4" time="0.064" />

      <testcase classname="org.jmodelica.test.junitgenerated.NameTests" name="ShortClassDeclTest5" time="0.043" />

      <testcase classname="org.jmodelica.test.junitgenerated.NameTests" name="ShortClassDeclTest6" time="0.03" />

      <testcase classname="org.jmodelica.test.junitgenerated.NameTests" name="ShortClassDeclTest7_Err" time="0.074" />

      <system-out><![CDATA[Running test: NameTests.NameTest2

Running test: NameTests.NameTest3_Err
Running test: NameTests.NameTest4_Err
Running test: NameTests.NameTest5_Err
Running test: NameTests.NameTest55_Err
Running test: NameTests.NameTest6_Err
Running test: NameTests.NameTest7_Err
Running test: NameTests.NameTest8_Err
Running test: NameTests.NameTest9_Err
Running test: NameTests.NameTest10_Err
Running test: NameTests.NameTest11_Err
Running test: NameTests.NameTest12_Err
Running test: NameTests.NameTest13_Err
Running test: NameTests.NameTest14_Err
Running test: NameTests.ExtendsTest1

Running test: NameTests.ExtendsTest2

Running test: NameTests.ExtendsTest3
Running test: NameTests.ImportTest1

Running test: NameTests.ImportTest2

Running test: NameTests.ImportTest3
Running test: NameTests.ImportTest4

Running test: NameTests.ImportTest5

Running test: NameTests.ShortClassDeclTest1

Running test: NameTests.ShortClassDeclTest2

Running test: NameTests.ShortClassDeclTest3

Running test: NameTests.ShortClassDeclTest35_Err
Running test: NameTests.ShortClassDeclTest4

Running test: NameTests.ShortClassDeclTest5

Running test: NameTests.ShortClassDeclTest6

Running test: NameTests.ShortClassDeclTest7_Err
]]></system-out>

      <system-err><![CDATA[]]></system-err>

  </testsuite>
  <testsuite errors="0" failures="3" hostname="exjobb5" id="3" name="RedeclareTests" package="org.jmodelica.test.junitgenerated" tests="54" time="8.93" timestamp="2008-11-13T14:02:18">
      <properties>
[...]
</properties>

      <testcase classname="org.jmodelica.test.junitgenerated.RedeclareTests" name="RedeclareTestOx1" time="0.212" />

      <testcase classname="org.jmodelica.test.junitgenerated.RedeclareTests" name="RedeclareTestOx2_Err" time="0.133" />

      <testcase classname="org.jmodelica.test.junitgenerated.RedeclareTests" name="RedeclareTestOx3" time="0.184" />

      <testcase classname="org.jmodelica.test.junitgenerated.RedeclareTests" name="RedeclareTestOx4_Err" time="0.132" />

      <testcase classname="org.jmodelica.test.junitgenerated.RedeclareTests" name="RedeclareTestOx5" time="0.226" />

      <testcase classname="org.jmodelica.test.junitgenerated.RedeclareTests" name="RedeclareTestOx65_Err" time="0.129" />

      <testcase classname="org.jmodelica.test.junitgenerated.RedeclareTests" name="RedeclareTestOx8" time="0.106" />

      <testcase classname="org.jmodelica.test.junitgenerated.RedeclareTests" name="RedeclareTestOx9_Err" time="0.187" />

      <testcase classname="org.jmodelica.test.junitgenerated.RedeclareTests" name="RedeclareTestOx95_Err" time="0.121" />

      <testcase classname="org.jmodelica.test.junitgenerated.RedeclareTests" name="RedeclareTestOx10" time="0.103">
          <failure type="junit.framework.AssertionFailedError">junit.framework.AssertionFailedError: 
	at org.jmodelica.test.junitgenerated.RedeclareTests.RedeclareTestOx10(RedeclareTests.java:52)
</failure>

      </testcase>

      <testcase classname="org.jmodelica.test.junitgenerated.RedeclareTests" name="RedeclareTestOx11_Err" time="0.099">
          <failure type="junit.framework.AssertionFailedError">junit.framework.AssertionFailedError: 
	at org.jmodelica.test.junitgenerated.RedeclareTests.RedeclareTestOx11_Err(RedeclareTests.java:56)
</failure>

      </testcase>

      <testcase classname="org.jmodelica.test.junitgenerated.RedeclareTests" name="RedeclareTestOx115_Err" time="0.194" />

      <testcase classname="org.jmodelica.test.junitgenerated.RedeclareTests" name="RedeclareTestOx116_Err" time="0.094" />

      <testcase classname="org.jmodelica.test.junitgenerated.RedeclareTests" name="RedeclareTestOx12" time="0.102">
          <failure type="junit.framework.AssertionFailedError">junit.framework.AssertionFailedError: 
	at org.jmodelica.test.junitgenerated.RedeclareTests.RedeclareTestOx12(RedeclareTests.java:68)
</failure>

      </testcase>

      <testcase classname="org.jmodelica.test.junitgenerated.RedeclareTests" name="RedeclareTestOx13" time="0.104" />

      <testcase classname="org.jmodelica.test.junitgenerated.RedeclareTests" name="RedeclareTest_Constr_14_Err" time="0.23" />

      <testcase classname="org.jmodelica.test.junitgenerated.RedeclareTests" name="RedeclareTest_Constr_15_Err" time="0.139" />

      <testcase classname="org.jmodelica.test.junitgenerated.RedeclareTests" name="RedeclareTest_Constr_16_Err" time="0.14" />

      <testcase classname="org.jmodelica.test.junitgenerated.RedeclareTests" name="RedeclareTest_Constr_17_Err" time="0.138" />

      <testcase classname="org.jmodelica.test.junitgenerated.RedeclareTests" name="RedeclareTest_Constr_18_Err" time="0.097" />

      <testcase classname="org.jmodelica.test.junitgenerated.RedeclareTests" name="RedeclareTest_Classes_1" time="0.148" />

      <testcase classname="org.jmodelica.test.junitgenerated.RedeclareTests" name="RedeclareTest1" time="0.138" />

      <testcase classname="org.jmodelica.test.junitgenerated.RedeclareTests" name="RedeclareTest2" time="0.291" />

      <testcase classname="org.jmodelica.test.junitgenerated.RedeclareTests" name="RedeclareTest3" time="0.152" />

      <testcase classname="org.jmodelica.test.junitgenerated.RedeclareTests" name="RedeclareTest4" time="0.296" />

      <testcase classname="org.jmodelica.test.junitgenerated.RedeclareTests" name="RedeclareTest5" time="0.174" />

      <testcase classname="org.jmodelica.test.junitgenerated.RedeclareTests" name="RedeclareTest6" time="0.219" />

      <testcase classname="org.jmodelica.test.junitgenerated.RedeclareTests" name="RedeclareTest65_Err" time="0.104" />

      <testcase classname="org.jmodelica.test.junitgenerated.RedeclareTests" name="RedeclareTest7" time="0.123" />

      <testcase classname="org.jmodelica.test.junitgenerated.RedeclareTests" name="RedeclareTest9" time="0.155" />

      <testcase classname="org.jmodelica.test.junitgenerated.RedeclareTests" name="RedeclareTest95_Err" time="0.211" />

      <testcase classname="org.jmodelica.test.junitgenerated.RedeclareTests" name="RedeclareTest96_Err" time="0.139" />

      <testcase classname="org.jmodelica.test.junitgenerated.RedeclareTests" name="RedeclareTest97_Err" time="0.212" />

      <testcase classname="org.jmodelica.test.junitgenerated.RedeclareTests" name="RedeclareTest10" time="0.19" />

      <testcase classname="org.jmodelica.test.junitgenerated.RedeclareTests" name="RedeclareTest11" time="0.136" />

      <testcase classname="org.jmodelica.test.junitgenerated.RedeclareTests" name="RedeclareTest12" time="0.265" />

      <testcase classname="org.jmodelica.test.junitgenerated.RedeclareTests" name="RedeclareTest13" time="0.114" />

      <testcase classname="org.jmodelica.test.junitgenerated.RedeclareTests" name="RedeclareTest14" time="0.185" />

      <testcase classname="org.jmodelica.test.junitgenerated.RedeclareTests" name="RedeclareTest15" time="0.068" />

      <testcase classname="org.jmodelica.test.junitgenerated.RedeclareTests" name="RedeclareTest16" time="0.136" />

      <testcase classname="org.jmodelica.test.junitgenerated.RedeclareTests" name="RedeclareTest161" time="0.178" />

      <testcase classname="org.jmodelica.test.junitgenerated.RedeclareTests" name="RedeclareTest165" time="0.13" />

      <testcase classname="org.jmodelica.test.junitgenerated.RedeclareTests" name="RedeclareTest17" time="0.134" />

      <testcase classname="org.jmodelica.test.junitgenerated.RedeclareTests" name="RedeclareTest175" time="0.236" />

      <testcase classname="org.jmodelica.test.junitgenerated.RedeclareTests" name="RedeclareTest176" time="0.091" />

      <testcase classname="org.jmodelica.test.junitgenerated.RedeclareTests" name="RedeclareTest18" time="0.127" />

      <testcase classname="org.jmodelica.test.junitgenerated.RedeclareTests" name="RedeclareTest19" time="0.122" />

      <testcase classname="org.jmodelica.test.junitgenerated.RedeclareTests" name="RedeclareTest20" time="0.191" />

      <testcase classname="org.jmodelica.test.junitgenerated.RedeclareTests" name="RedeclareTest21" time="0.104" />

      <testcase classname="org.jmodelica.test.junitgenerated.RedeclareTests" name="RedeclareTest22" time="0.112" />

      <testcase classname="org.jmodelica.test.junitgenerated.RedeclareTests" name="RedeclareTest225" time="0.202" />

      <testcase classname="org.jmodelica.test.junitgenerated.RedeclareTests" name="RedeclareTest23" time="0.093" />

      <testcase classname="org.jmodelica.test.junitgenerated.RedeclareTests" name="RedeclareTest24" time="0.11" />

      <testcase classname="org.jmodelica.test.junitgenerated.RedeclareTests" name="RedeclareTest25" time="0.099" />

      <system-out><![CDATA[Running test: RedeclareTests.RedeclareTestOx1

Running test: RedeclareTests.RedeclareTestOx2_Err
Running test: RedeclareTests.RedeclareTestOx3

Running test: RedeclareTests.RedeclareTestOx4_Err
Running test: RedeclareTests.RedeclareTestOx5

Running test: RedeclareTests.RedeclareTestOx65_Err
Running test: RedeclareTests.RedeclareTestOx8

Running test: RedeclareTests.RedeclareTestOx9_Err
Running test: RedeclareTests.RedeclareTestOx95_Err
Running test: RedeclareTests.RedeclareTestOx10

1 error(s) found...
In file 'src/test/modelica/RedeclareTests.mo':
Semantic error at line 499, column 8:
  'redeclare D d(redeclare B c)' is not a subtype of 'replaceable D d extends D (redeclare replaceable C c)'

Running test: RedeclareTests.RedeclareTestOx11_Err
Running test: RedeclareTests.RedeclareTestOx115_Err
Running test: RedeclareTests.RedeclareTestOx116_Err
Running test: RedeclareTests.RedeclareTestOx12

1 error(s) found...
In file 'src/test/modelica/RedeclareTests.mo':
Semantic error at line 677, column 26:
  The component y is undeclared

Running test: RedeclareTests.RedeclareTestOx13

Running test: RedeclareTests.RedeclareTest_Constr_14_Err
Running test: RedeclareTests.RedeclareTest_Constr_15_Err
Running test: RedeclareTests.RedeclareTest_Constr_16_Err
Running test: RedeclareTests.RedeclareTest_Constr_17_Err
Running test: RedeclareTests.RedeclareTest_Constr_18_Err
Running test: RedeclareTests.RedeclareTest_Classes_1

Running test: RedeclareTests.RedeclareTest1

Running test: RedeclareTests.RedeclareTest2

Running test: RedeclareTests.RedeclareTest3

Running test: RedeclareTests.RedeclareTest4

Running test: RedeclareTests.RedeclareTest5

Running test: RedeclareTests.RedeclareTest6

Running test: RedeclareTests.RedeclareTest65_Err
Running test: RedeclareTests.RedeclareTest7

Running test: RedeclareTests.RedeclareTest9

Running test: RedeclareTests.RedeclareTest95_Err
Running test: RedeclareTests.RedeclareTest96_Err
Running test: RedeclareTests.RedeclareTest97_Err
Running test: RedeclareTests.RedeclareTest10

Running test: RedeclareTests.RedeclareTest11

Running test: RedeclareTests.RedeclareTest12

Running test: RedeclareTests.RedeclareTest13

Running test: RedeclareTests.RedeclareTest14

Running test: RedeclareTests.RedeclareTest15

Running test: RedeclareTests.RedeclareTest16

Running test: RedeclareTests.RedeclareTest161

Running test: RedeclareTests.RedeclareTest165

Running test: RedeclareTests.RedeclareTest17

Running test: RedeclareTests.RedeclareTest175

Running test: RedeclareTests.RedeclareTest176

Running test: RedeclareTests.RedeclareTest18

Running test: RedeclareTests.RedeclareTest19

Running test: RedeclareTests.RedeclareTest20

Running test: RedeclareTests.RedeclareTest21

Running test: RedeclareTests.RedeclareTest22

Running test: RedeclareTests.RedeclareTest225

Running test: RedeclareTests.RedeclareTest23

Running test: RedeclareTests.RedeclareTest24

Running test: RedeclareTests.RedeclareTest25

]]></system-out>

      <system-err><![CDATA[]]></system-err>

  </testsuite>
</testsuites>
