<?xml version="1.0" encoding="UTF-8" ?>
<testsuite errors="0" failures="0" hostname="exjobb5" name="org.jmodelica.test.junitgenerated.ConnectTests" tests="4" time="0.906" timestamp="2008-11-13T14:02:13">
  <properties>
[...]
</properties>
  <testcase classname="org.jmodelica.test.junitgenerated.ConnectTests" name="ConnectTest2_Err" time="0.077" />
  <testcase classname="org.jmodelica.test.junitgenerated.ConnectTests" name="ConnectTest3" time="0.07" />
  <testcase classname="org.jmodelica.test.junitgenerated.ConnectTests" name="CircuitTest1" time="0.081" />
  <testcase classname="org.jmodelica.test.junitgenerated.ConnectTests" name="CircuitTest2" time="0.098" />
  <system-out><![CDATA[Running test: ConnectTests.ConnectTest2_Err
Running test: ConnectTests.ConnectTest3

Running test: ConnectTests.CircuitTest1

Running test: ConnectTests.CircuitTest2

]]></system-out>
  <system-err><![CDATA[]]></system-err>
</testsuite>
